2026-01-08 21:43:51 - prepare_dataset - INFO - Пути валидны: data\annotated\annotations.csv, data\raw
2026-01-08 21:43:51 - prepare_dataset - INFO - ================================================================================
2026-01-08 21:43:51 - prepare_dataset - INFO - Начало подготовки датасета
2026-01-08 21:43:51 - prepare_dataset - INFO - ================================================================================
2026-01-08 21:43:51 - prepare_dataset - INFO - Шаг 1: Загрузка датасета...
2026-01-08 21:43:51 - prepare_dataset - INFO - Загружено записей из CSV: 2
2026-01-08 21:43:51 - prepare_dataset - INFO - Записей после удаления пустых: 2
2026-01-08 21:43:51 - prepare_dataset - INFO - Загружено образцов: 2/2
2026-01-08 21:43:51 - prepare_dataset - INFO - Загружено образцов: 2
2026-01-08 21:43:51 - prepare_dataset - INFO - Шаг 2: Валидация датасета...
2026-01-08 21:43:51 - prepare_dataset - INFO - Валидация завершена: 2 валидных, 0 невалидных
2026-01-08 21:43:51 - prepare_dataset - INFO - Валидных образцов: 2
2026-01-08 21:43:51 - prepare_dataset - INFO - Шаг 3: Разделение на train/val...
2026-01-08 21:43:51 - prepare_dataset - INFO - Split: Train=1, Val=1
2026-01-08 21:43:51 - prepare_dataset - INFO - Train: 1, Val: 1
2026-01-08 21:43:51 - prepare_dataset - INFO - Шаг 4: Обработка train...
2026-01-08 21:43:51 - prepare_dataset - INFO - Metadata сохранена: data\processed\train\metadata.json (1 записей)
2026-01-08 21:43:51 - prepare_dataset - INFO - Сохранено в data\processed\train: 1 образцов
2026-01-08 21:43:51 - prepare_dataset - INFO - Шаг 5: Обработка val...
2026-01-08 21:43:51 - prepare_dataset - INFO - Metadata сохранена: data\processed\val\metadata.json (1 записей)
2026-01-08 21:43:51 - prepare_dataset - INFO - Сохранено в data\processed\val: 1 образцов
2026-01-08 21:43:51 - prepare_dataset - INFO - ================================================================================
2026-01-08 21:43:51 - prepare_dataset - INFO - Подготовка датасета завершена успешно!
2026-01-08 21:43:51 - prepare_dataset - INFO - ================================================================================
